<?xml version="1.0" encoding="utf-8"?><testsuites name="pytest tests"><testsuite name="pytest" errors="0" failures="0" skipped="0" tests="6" time="1.182" timestamp="2026-03-13T14:20:17.949303+00:00" hostname="agent-env-f97cbdf6-47f9-4d14-a025-5a0a6f4a3b1f"><testcase classname="tests.test_shipbot_api.TestHealthEndpoints" name="test_api_health_returns_200" time="0.184" /><testcase classname="tests.test_shipbot_api.TestTelegramEndpoints" name="test_telegram_status_returns_bot_status" time="0.122" /><testcase classname="tests.test_shipbot_api.TestAdminEndpoints" name="test_admin_api_config_requires_auth" time="0.149" /><testcase classname="tests.test_shipbot_api.TestAdminEndpoints" name="test_admin_api_config_with_auth" time="0.171" /><testcase classname="tests.test_shipbot_api.TestUsersEndpoints" name="test_users_list_returns_200" time="0.294" /><testcase classname="tests.test_shipbot_api.TestMaintenanceEndpoints" name="test_maintenance_status_with_auth" time="0.155" /></testsuite></testsuites>